nohup: ignoring input
Currently running the disease CAD on p value cutoff 1e-08.
1212

==============================

Currently running the disease CAD on p value cutoff 1e-07.
1596

==============================

Currently running the disease CAD on p value cutoff 1e-06.
2208

==============================

Currently running the disease CAD on p value cutoff 1e-05.
3272

==============================


============================================================

Warning messages:
1: In fread(paste0("/mnt/md0/yujia/project/2023-07-20-individual_MR/dat/05_two_sample_mr/external_analysis_for_paper_revision/",  :
  Detected 12 column names but the data has 11 columns. Filling rows automatically. Set fill=TRUE explicitly to avoid this warning.
2: In fread(paste0("/mnt/md0/yujia/project/2023-07-20-individual_MR/dat/05_two_sample_mr/external_analysis_for_paper_revision/",  :
  Detected 12 column names but the data has 11 columns. Filling rows automatically. Set fill=TRUE explicitly to avoid this warning.
3: In fread(paste0("/mnt/md0/yujia/project/2023-07-20-individual_MR/dat/05_two_sample_mr/external_analysis_for_paper_revision/",  :
  Detected 12 column names but the data has 11 columns. Filling rows automatically. Set fill=TRUE explicitly to avoid this warning.
4: In fread(paste0("/mnt/md0/yujia/project/2023-07-20-individual_MR/dat/05_two_sample_mr/external_analysis_for_paper_revision/",  :
  Detected 12 column names but the data has 11 columns. Filling rows automatically. Set fill=TRUE explicitly to avoid this warning.
Finished the pipeline.
