nohup: ignoring input
[1] 2077390      11
[1] 951837     11
[1] 157067     11
157,067 variants to be matched.
0 ambiguous SNPs have been removed.
6,622 variants have been matched; 0 were flipped and 3,723 were reversed.
[1] 1
[1] 2
[1] 3
[1] 4
[1] 5
[1] 6
[1] 7
[1] 8
[1] 9
[1] 10
[1] 11
[1] 12
[1] 13
[1] 14
[1] 15
[1] 16
[1] 17
[1] 18
[1] 19
[1] 20
[1] 21
[1] 22
[1] 0.03735835
[1] 1.212714799 0.843772460 0.882373851 0.641068185 0.490287115 0.003603385
Warning message:
In dir.create("/mnt/md0/yujia/project/2023-07-20-individual_MR/dat/06_PRS_calculation/external_analysis_for_paper_revision/LDPred2/EUR/IGF1/CAD/set1",  :
  '/mnt/md0/yujia/project/2023-07-20-individual_MR/dat/06_PRS_calculation/external_analysis_for_paper_revision/LDPred2/EUR/IGF1/CAD/set1' already exists

Call:
lm(formula = reg.formula, data = reg.dat)

Residuals:
    Min      1Q  Median      3Q     Max 
-22.702  -3.749  -0.164   3.342 105.785 

Coefficients:
                 Estimate Std. Error  t value Pr(>|t|)    
(Intercept)    27.5446937  0.0637012  432.404  < 2e-16 ***
PRS             0.4268675  0.0134140   31.822  < 2e-16 ***
Gender          0.8802847  0.0170524   51.622  < 2e-16 ***
Genotype_Batch  0.0025847  0.0002771    9.327  < 2e-16 ***
Age            -0.0987041  0.0008976 -109.963  < 2e-16 ***
PC1             0.0017558  0.0003379    5.196 2.04e-07 ***
PC2             0.0069419  0.0012768    5.437 5.42e-08 ***
PC3            -0.0083149  0.0020771   -4.003 6.25e-05 ***
PC4            -0.0131260  0.0009973  -13.161  < 2e-16 ***
PC5            -0.0233205  0.0011233  -20.760  < 2e-16 ***
PC6            -0.0097156  0.0030102   -3.228  0.00125 ** 
PC7            -0.0127848  0.0018711   -6.833 8.35e-12 ***
PC8             0.0033555  0.0022770    1.474  0.14057    
PC9            -0.0042085  0.0018899   -2.227  0.02596 *  
PC10           -0.0019339  0.0023340   -0.829  0.40733    
---
Signif. codes:  0 ‘***’ 0.001 ‘**’ 0.01 ‘*’ 0.05 ‘.’ 0.1 ‘ ’ 1

Residual standard error: 5.565 on 430969 degrees of freedom
Multiple R-squared:  0.03962,	Adjusted R-squared:  0.03958 
F-statistic:  1270 on 14 and 430969 DF,  p-value: < 2.2e-16

         auto       null
1: 0.00225666 0.03735835
         auto       null
1: 0.00225666 0.03735835
