nohup: ignoring input
[1] 2044526      11
[1] 929070     11
[1] 154786     11
154,786 variants to be matched.
0 ambiguous SNPs have been removed.
6,217 variants have been matched; 0 were flipped and 3,124 were reversed.
[1] 1
[1] 2
[1] 3
[1] 4
[1] 5
[1] 6
[1] 7
[1] 8
[1] 9
[1] 10
[1] 11
[1] 12
[1] 13
[1] 14
[1] 15
[1] 16
[1] 17
[1] 18
[1] 19
[1] 20
[1] 21
[1] 22
[1] 0.0536392
[1] -0.35229325 -0.02472942 -0.75749892 -0.34158516  0.64791992 -0.06007119

Call:
lm(formula = reg.formula, data = reg.dat)

Residuals:
    Min      1Q  Median      3Q     Max 
-194.27  -29.44   -1.73   27.32  376.60 

Coefficients:
                 Estimate Std. Error  t value Pr(>|t|)    
(Intercept)    181.821392   0.491783  369.719  < 2e-16 ***
PRS              7.373446   0.165098   44.661  < 2e-16 ***
Gender         -14.748555   0.131674 -112.008  < 2e-16 ***
Genotype_Batch   0.006899   0.002140    3.224 0.001263 ** 
Age              0.656345   0.006931   94.695  < 2e-16 ***
PC1             -0.050067   0.002616  -19.139  < 2e-16 ***
PC2              0.019271   0.009860    1.954 0.050655 .  
PC3             -0.075837   0.016039   -4.728 2.27e-06 ***
PC4             -0.029593   0.007686   -3.850 0.000118 ***
PC5             -0.068119   0.008661   -7.865 3.69e-15 ***
PC6              0.073728   0.023245    3.172 0.001515 ** 
PC7             -0.018934   0.014447   -1.311 0.189991    
PC8              0.021074   0.017582    1.199 0.230678    
PC9              0.021273   0.014594    1.458 0.144953    
PC10            -0.066541   0.018025   -3.692 0.000223 ***
---
Signif. codes:  0 ‘***’ 0.001 ‘**’ 0.01 ‘*’ 0.05 ‘.’ 0.1 ‘ ’ 1

Residual standard error: 42.97 on 430969 degrees of freedom
Multiple R-squared:  0.058,	Adjusted R-squared:  0.05797 
F-statistic:  1895 on 14 and 430969 DF,  p-value: < 2.2e-16

          auto      null
1: 0.004359772 0.0536392
          auto      null
1: 0.004359772 0.0536392
