nohup: ignoring input
Currently running the disease CAD on p value cutoff 1e-08.
21

==============================

Currently running the disease CAD on p value cutoff 5e-08.
52

==============================

Currently running the disease CAD on p value cutoff 1e-07.
77

==============================

Currently running the disease CAD on p value cutoff 5e-07.
157

==============================

Currently running the disease CAD on p value cutoff 1e-06.
240

==============================

Currently running the disease CAD on p value cutoff 5e-06.
358

==============================

Currently running the disease CAD on p value cutoff 1e-05.
374

==============================

Currently running the disease CAD on p value cutoff 5e-05.
544

==============================


============================================================

Finished the pipeline.
