nohup: ignoring input
[1] 486416     16
[1] 486416     16
[1] 486416     16
[1] 486416     16
[1] 486416      3
[1] 502464      3
[1] 459055      8
[1] 433427      8
[1] 486416     16
[1] 486416      2
[1] 486416      3
[1] 444589     36
[1] 444589      2
[1] 444589      3
[1] 419802     57
[1] 419802      2
[1] 419802      3
[1] "Finished running trait LDL."
[1] 486416     16
[1] 486416     16
[1] 486416     16
[1] 486416     16
[1] 486416      3
[1] 502464      3
[1] 459055      8
[1] 433427      8
[1] 486416     16
[1] 486416      2
[1] 486416      3
[1] 444589     36
[1] 444589      2
[1] 444589      3
[1] 419802     55
[1] 419802      2
[1] 419802      3
[1] "Finished running trait TC."
[1] 486416     16
[1] 486416     16
[1] 486416     16
[1] 486416     16
[1] 486416      3
[1] 502464      3
[1] 459055      8
[1] 433427      8
[1] 486416     16
[1] 486416      2
[1] 486416      3
[1] 444589     36
[1] 444589      2
[1] 444589      3
[1] 419802     58
[1] 419802      2
[1] 419802      3
[1] "Finished running trait HDL."
[1] 486416     16
[1] 486416     16
[1] 486416     16
[1] 486416     16
[1] 486416      3
[1] 502464      3
[1] 459055      8
[1] 433427      8
[1] 486416     16
[1] 486416      2
[1] 486416      3
[1] 444589     36
[1] 444589      2
[1] 444589      3
[1] 419802     60
[1] 419802      2
[1] 419802      3
[1] "Finished running trait TG."
[1] 486416     16
[1] 486416     16
[1] 486416     16
[1] 486416     16
[1] 486416      3
[1] 502464      3
[1] 459055      8
[1] 433427      8
[1] 486416     16
[1] 486416      2
[1] 486416      3
[1] 444589     36
[1] 444589      2
[1] 444589      3
[1] 419802     60
[1] 419802      2
[1] 419802      3
[1] "Finished running trait IGF1."
[1] 486416     16
[1] 486416     16
[1] 486416     16
[1] 486416     16
[1] 486416      3
[1] 502464      3
[1] 459055      8
[1] 433427      8
[1] 486416     16
[1] 486416      2
[1] 486416      3
[1] 444589     36
[1] 444589      2
[1] 444589      3
[1] 419802     60
[1] 419802      2
[1] 419802      3
[1] "Finished running trait CRP."
